# JRE version: Java(TM) SE Runtime Environment (8.0_131-b11) (build 1.8.0_131-b11)
# Java VM: Java HotSpot(TM) 64-Bit Server VM (25.131-b11 mixed mode linux-amd64 compressed oops)
Heap:
 def new generation   total 8064K, used 7200K [0x00000000e8800000, 0x00000000e90c0000, 0x00000000f0550000)
  eden space 7168K,  88% used [0x00000000e8800000, 0x00000000e8e33960, 0x00000000e8f00000)
  from space 896K,  94% used [0x00000000e8fe0000, 0x00000000e90b4770, 0x00000000e90c0000)
  to   space 896K,   0% used [0x00000000e8f00000, 0x00000000e8f00000, 0x00000000e8fe0000)
 tenured generation   total 17796K, used 11476K [0x00000000f0550000, 0x00000000f16b1000, 0x0000000100000000)
   the space 17796K,  64% used [0x00000000f0550000, 0x00000000f10851d8, 0x00000000f1085200, 0x00000000f16b1000)
 Metaspace       used 22831K, capacity 23080K, committed 23344K, reserved 1069056K
  class space    used 2810K, capacity 2889K, committed 2944K, reserved 1048576K
GC Heap History (10 events):
Event: 7.678 GC heap before
{Heap before GC invocations=16 (full 0):
 def new generation   total 7424K, used 6996K [0x00000000e8800000, 0x00000000e9000000, 0x00000000f0550000)
  eden space 6656K, 100% used [0x00000000e8800000, 0x00000000e8e80000, 0x00000000e8e80000)
  from space 768K,  44% used [0x00000000e8e80000, 0x00000000e8ed50b8, 0x00000000e8f40000)
  to   space 768K,   0% used [0x00000000e8f40000, 0x00000000e8f40000, 0x00000000e9000000)
 tenured generation   total 16384K, used 12003K [0x00000000f0550000, 0x00000000f1550000, 0x0000000100000000)
   the space 16384K,  73% used [0x00000000f0550000, 0x00000000f1108fa8, 0x00000000f1109000, 0x00000000f1550000)
 Metaspace       used 20198K, capacity 20458K, committed 20736K, reserved 1067008K
  class space    used 2462K, capacity 2532K, committed 2560K, reserved 1048576K
Event: 7.683 GC heap after
Heap after GC invocations=17 (full 0):
 def new generation   total 7424K, used 767K [0x00000000e8800000, 0x00000000e9000000, 0x00000000f0550000)
  eden space 6656K,   0% used [0x00000000e8800000, 0x00000000e8800000, 0x00000000e8e80000)
  from space 768K,  99% used [0x00000000e8f40000, 0x00000000e8fffff8, 0x00000000e9000000)
  to   space 768K,   0% used [0x00000000e8e80000, 0x00000000e8e80000, 0x00000000e8f40000)
 tenured generation   total 16384K, used 12379K [0x00000000f0550000, 0x00000000f1550000, 0x0000000100000000)
   the space 16384K,  75% used [0x00000000f0550000, 0x00000000f1166f78, 0x00000000f1167000, 0x00000000f1550000)
 Metaspace       used 20198K, capacity 20458K, committed 20736K, reserved 1067008K
  class space    used 2462K, capacity 2532K, committed 2560K, reserved 1048576K
}
Event: 8.015 GC heap before
{Heap before GC invocations=17 (full 0):
 def new generation   total 7424K, used 7136K [0x00000000e8800000, 0x00000000e9000000, 0x00000000f0550000)
  eden space 6656K,  95% used [0x00000000e8800000, 0x00000000e8e380d8, 0x00000000e8e80000)
  from space 768K,  99% used [0x00000000e8f40000, 0x00000000e8fffff8, 0x00000000e9000000)
  to   space 768K,   0% used [0x00000000e8e80000, 0x00000000e8e80000, 0x00000000e8f40000)
 tenured generation   total 16384K, used 12379K [0x00000000f0550000, 0x00000000f1550000, 0x0000000100000000)
   the space 16384K,  75% used [0x00000000f0550000, 0x00000000f1166f78, 0x00000000f1167000, 0x00000000f1550000)
 Metaspace       used 20870K, capacity 21104K, committed 21296K, reserved 1069056K
  class space    used 2560K, capacity 2661K, committed 2688K, reserved 1048576K
Event: 8.050 GC heap after
Heap after GC invocations=18 (full 1):
 def new generation   total 8064K, used 0K [0x00000000e8800000, 0x00000000e90c0000, 0x00000000f0550000)
  eden space 7168K,   0% used [0x00000000e8800000, 0x00000000e8800000, 0x00000000e8f00000)
  from space 896K,   0% used [0x00000000e8f00000, 0x00000000e8f00000, 0x00000000e8fe0000)
  to   space 896K,   0% used [0x00000000e8fe0000, 0x00000000e8fe0000, 0x00000000e90c0000)
 tenured generation   total 17796K, used 10677K [0x00000000f0550000, 0x00000000f16b1000, 0x0000000100000000)
   the space 17796K,  59% used [0x00000000f0550000, 0x00000000f0fbd490, 0x00000000f0fbd600, 0x00000000f16b1000)
 Metaspace       used 20870K, capacity 21104K, committed 21296K, reserved 1069056K
  class space    used 2560K, capacity 2661K, committed 2688K, reserved 1048576K
}
Event: 8.405 GC heap before
{Heap before GC invocations=18 (full 1):
 def new generation   total 8064K, used 7168K [0x00000000e8800000, 0x00000000e90c0000, 0x00000000f0550000)
  eden space 7168K, 100% used [0x00000000e8800000, 0x00000000e8f00000, 0x00000000e8f00000)
  from space 896K,   0% used [0x00000000e8f00000, 0x00000000e8f00000, 0x00000000e8fe0000)
  to   space 896K,   0% used [0x00000000e8fe0000, 0x00000000e8fe0000, 0x00000000e90c0000)
 tenured generation   total 17796K, used 10677K [0x00000000f0550000, 0x00000000f16b1000, 0x0000000100000000)
   the space 17796K,  59% used [0x00000000f0550000, 0x00000000f0fbd490, 0x00000000f0fbd600, 0x00000000f16b1000)
 Metaspace       used 21310K, capacity 21538K, committed 21936K, reserved 1069056K
  class space    used 2606K, capacity 2696K, committed 2816K, reserved 1048576K
Event: 8.408 GC heap after
Heap after GC invocations=19 (full 1):
 def new generation   total 8064K, used 450K [0x00000000e8800000, 0x00000000e90c0000, 0x00000000f0550000)
  eden space 7168K,   0% used [0x00000000e8800000, 0x00000000e8800000, 0x00000000e8f00000)
  from space 896K,  50% used [0x00000000e8fe0000, 0x00000000e90509a8, 0x00000000e90c0000)
  to   space 896K,   0% used [0x00000000e8f00000, 0x00000000e8f00000, 0x00000000e8fe0000)
 tenured generation   total 17796K, used 10677K [0x00000000f0550000, 0x00000000f16b1000, 0x0000000100000000)
   the space 17796K,  59% used [0x00000000f0550000, 0x00000000f0fbd490, 0x00000000f0fbd600, 0x00000000f16b1000)
 Metaspace       used 21310K, capacity 21538K, committed 21936K, reserved 1069056K
  class space    used 2606K, capacity 2696K, committed 2816K, reserved 1048576K
}
Event: 8.945 GC heap before
{Heap before GC invocations=19 (full 1):
 def new generation   total 8064K, used 7618K [0x00000000e8800000, 0x00000000e90c0000, 0x00000000f0550000)
  eden space 7168K, 100% used [0x00000000e8800000, 0x00000000e8f00000, 0x00000000e8f00000)
  from space 896K,  50% used [0x00000000e8fe0000, 0x00000000e90509a8, 0x00000000e90c0000)
  to   space 896K,   0% used [0x00000000e8f00000, 0x00000000e8f00000, 0x00000000e8fe0000)
 tenured generation   total 17796K, used 10677K [0x00000000f0550000, 0x00000000f16b1000, 0x0000000100000000)
   the space 17796K,  59% used [0x00000000f0550000, 0x00000000f0fbd490, 0x00000000f0fbd600, 0x00000000f16b1000)
 Metaspace       used 21689K, capacity 21890K, committed 22192K, reserved 1069056K
  class space    used 2648K, capacity 2728K, committed 2816K, reserved 1048576K
Event: 8.951 GC heap after
Heap after GC invocations=20 (full 1):
 def new generation   total 8064K, used 671K [0x00000000e8800000, 0x00000000e90c0000, 0x00000000f0550000)
  eden space 7168K,   0% used [0x00000000e8800000, 0x00000000e8800000, 0x00000000e8f00000)
  from space 896K,  74% used [0x00000000e8f00000, 0x00000000e8fa7fd0, 0x00000000e8fe0000)
  to   space 896K,   0% used [0x00000000e8fe0000, 0x00000000e8fe0000, 0x00000000e90c0000)
 tenured generation   total 17796K, used 11007K [0x00000000f0550000, 0x00000000f16b1000, 0x0000000100000000)
   the space 17796K,  61% used [0x00000000f0550000, 0x00000000f100ff78, 0x00000000f1010000, 0x00000000f16b1000)
 Metaspace       used 21689K, capacity 21890K, committed 22192K, reserved 1069056K
  class space    used 2648K, capacity 2728K, committed 2816K, reserved 1048576K
}
Event: 9.315 GC heap before
{Heap before GC invocations=20 (full 1):
 def new generation   total 8064K, used 7839K [0x00000000e8800000, 0x00000000e90c0000, 0x00000000f0550000)
  eden space 7168K, 100% used [0x00000000e8800000, 0x00000000e8f00000, 0x00000000e8f00000)
  from space 896K,  74% used [0x00000000e8f00000, 0x00000000e8fa7fd0, 0x00000000e8fe0000)
  to   space 896K,   0% used [0x00000000e8fe0000, 0x00000000e8fe0000, 0x00000000e90c0000)
 tenured generation   total 17796K, used 11007K [0x00000000f0550000, 0x00000000f16b1000, 0x0000000100000000)
   the space 17796K,  61% used [0x00000000f0550000, 0x00000000f100ff78, 0x00000000f1010000, 0x00000000f16b1000)
 Metaspace       used 22251K, capacity 22568K, committed 22832K, reserved 1069056K
  class space    used 2737K, capacity 2825K, committed 2944K, reserved 1048576K
Event: 9.319 GC heap after
Heap after GC invocations=21 (full 1):
 def new generation   total 8064K, used 849K [0x00000000e8800000, 0x00000000e90c0000, 0x00000000f0550000)
  eden space 7168K,   0% used [0x00000000e8800000, 0x00000000e8800000, 0x00000000e8f00000)
  from space 896K,  94% used [0x00000000e8fe0000, 0x00000000e90b4770, 0x00000000e90c0000)
  to   space 896K,   0% used [0x00000000e8f00000, 0x00000000e8f00000, 0x00000000e8fe0000)
 tenured generation   total 17796K, used 11476K [0x00000000f0550000, 0x00000000f16b1000, 0x0000000100000000)
   the space 17796K,  64% used [0x00000000f0550000, 0x00000000f10851d8, 0x00000000f1085200, 0x00000000f16b1000)
 Metaspace       used 22251K, capacity 22568K, committed 22832K, reserved 1069056K
  class space    used 2737K, capacity 2825K, committed 2944K, reserved 1048576K
}

