# JRE version: Java(TM) SE Runtime Environment (8.0_131-b11) (build 1.8.0_131-b11)
# Java VM: Java HotSpot(TM) 64-Bit Server VM (25.131-b11 mixed mode linux-amd64 compressed oops)
Heap:
 def new generation   total 7424K, used 919K [0x00000000c0000000, 0x00000000c0800000, 0x00000000d5550000)
  eden space 6656K,   2% used [0x00000000c0000000, 0x00000000c0025cf8, 0x00000000c0680000)
  from space 768K,  99% used [0x00000000c0740000, 0x00000000c07ffff8, 0x00000000c0800000)
  to   space 768K,   0% used [0x00000000c0680000, 0x00000000c0680000, 0x00000000c0740000)
 tenured generation   total 16384K, used 6962K [0x00000000d5550000, 0x00000000d6550000, 0x0000000100000000)
   the space 16384K,  42% used [0x00000000d5550000, 0x00000000d5c1ca30, 0x00000000d5c1cc00, 0x00000000d6550000)
 Metaspace       used 15825K, capacity 16116K, committed 16256K, reserved 1062912K
  class space    used 2254K, capacity 2342K, committed 2432K, reserved 1048576K
GC Heap History (10 events):
Event: 6.133 GC heap before
{Heap before GC invocations=8 (full 0):
 def new generation   total 7424K, used 7423K [0x00000000c0000000, 0x00000000c0800000, 0x00000000d5550000)
  eden space 6656K, 100% used [0x00000000c0000000, 0x00000000c0680000, 0x00000000c0680000)
  from space 768K,  99% used [0x00000000c0680000, 0x00000000c073fff0, 0x00000000c0740000)
  to   space 768K,   0% used [0x00000000c0740000, 0x00000000c0740000, 0x00000000c0800000)
 tenured generation   total 16384K, used 4819K [0x00000000d5550000, 0x00000000d6550000, 0x0000000100000000)
   the space 16384K,  29% used [0x00000000d5550000, 0x00000000d5a04c30, 0x00000000d5a04e00, 0x00000000d6550000)
 Metaspace       used 12299K, capacity 12654K, committed 12928K, reserved 1060864K
  class space    used 1724K, capacity 1829K, committed 1920K, reserved 1048576K
Event: 6.144 GC heap after
Heap after GC invocations=9 (full 0):
 def new generation   total 7424K, used 666K [0x00000000c0000000, 0x00000000c0800000, 0x00000000d5550000)
  eden space 6656K,   0% used [0x00000000c0000000, 0x00000000c0000000, 0x00000000c0680000)
  from space 768K,  86% used [0x00000000c0740000, 0x00000000c07e6830, 0x00000000c0800000)
  to   space 768K,   0% used [0x00000000c0680000, 0x00000000c0680000, 0x00000000c0740000)
 tenured generation   total 16384K, used 5227K [0x00000000d5550000, 0x00000000d6550000, 0x0000000100000000)
   the space 16384K,  31% used [0x00000000d5550000, 0x00000000d5a6adf8, 0x00000000d5a6ae00, 0x00000000d6550000)
 Metaspace       used 12299K, capacity 12654K, committed 12928K, reserved 1060864K
  class space    used 1724K, capacity 1829K, committed 1920K, reserved 1048576K
}
Event: 6.747 GC heap before
{Heap before GC invocations=9 (full 0):
 def new generation   total 7424K, used 7322K [0x00000000c0000000, 0x00000000c0800000, 0x00000000d5550000)
  eden space 6656K, 100% used [0x00000000c0000000, 0x00000000c0680000, 0x00000000c0680000)
  from space 768K,  86% used [0x00000000c0740000, 0x00000000c07e6830, 0x00000000c0800000)
  to   space 768K,   0% used [0x00000000c0680000, 0x00000000c0680000, 0x00000000c0740000)
 tenured generation   total 16384K, used 5227K [0x00000000d5550000, 0x00000000d6550000, 0x0000000100000000)
   the space 16384K,  31% used [0x00000000d5550000, 0x00000000d5a6adf8, 0x00000000d5a6ae00, 0x00000000d6550000)
 Metaspace       used 13022K, capacity 13390K, committed 13568K, reserved 1060864K
  class space    used 1848K, capacity 1989K, committed 2048K, reserved 1048576K
Event: 6.767 GC heap after
Heap after GC invocations=10 (full 0):
 def new generation   total 7424K, used 768K [0x00000000c0000000, 0x00000000c0800000, 0x00000000d5550000)
  eden space 6656K,   0% used [0x00000000c0000000, 0x00000000c0000000, 0x00000000c0680000)
  from space 768K, 100% used [0x00000000c0680000, 0x00000000c0740000, 0x00000000c0740000)
  to   space 768K,   0% used [0x00000000c0740000, 0x00000000c0740000, 0x00000000c0800000)
 tenured generation   total 16384K, used 5413K [0x00000000d5550000, 0x00000000d6550000, 0x0000000100000000)
   the space 16384K,  33% used [0x00000000d5550000, 0x00000000d5a997e8, 0x00000000d5a99800, 0x00000000d6550000)
 Metaspace       used 13022K, capacity 13390K, committed 13568K, reserved 1060864K
  class space    used 1848K, capacity 1989K, committed 2048K, reserved 1048576K
}
Event: 7.671 GC heap before
{Heap before GC invocations=10 (full 0):
 def new generation   total 7424K, used 7424K [0x00000000c0000000, 0x00000000c0800000, 0x00000000d5550000)
  eden space 6656K, 100% used [0x00000000c0000000, 0x00000000c0680000, 0x00000000c0680000)
  from space 768K, 100% used [0x00000000c0680000, 0x00000000c0740000, 0x00000000c0740000)
  to   space 768K,   0% used [0x00000000c0740000, 0x00000000c0740000, 0x00000000c0800000)
 tenured generation   total 16384K, used 5413K [0x00000000d5550000, 0x00000000d6550000, 0x0000000100000000)
   the space 16384K,  33% used [0x00000000d5550000, 0x00000000d5a997e8, 0x00000000d5a99800, 0x00000000d6550000)
 Metaspace       used 13781K, capacity 14062K, committed 14208K, reserved 1060864K
  class space    used 1964K, capacity 2085K, committed 2176K, reserved 1048576K
Event: 7.675 GC heap after
Heap after GC invocations=11 (full 0):
 def new generation   total 7424K, used 768K [0x00000000c0000000, 0x00000000c0800000, 0x00000000d5550000)
  eden space 6656K,   0% used [0x00000000c0000000, 0x00000000c0000000, 0x00000000c0680000)
  from space 768K, 100% used [0x00000000c0740000, 0x00000000c0800000, 0x00000000c0800000)
  to   space 768K,   0% used [0x00000000c0680000, 0x00000000c0680000, 0x00000000c0740000)
 tenured generation   total 16384K, used 5972K [0x00000000d5550000, 0x00000000d6550000, 0x0000000100000000)
   the space 16384K,  36% used [0x00000000d5550000, 0x00000000d5b251b0, 0x00000000d5b25200, 0x00000000d6550000)
 Metaspace       used 13781K, capacity 14062K, committed 14208K, reserved 1060864K
  class space    used 1964K, capacity 2085K, committed 2176K, reserved 1048576K
}
Event: 8.174 GC heap before
{Heap before GC invocations=11 (full 0):
 def new generation   total 7424K, used 7415K [0x00000000c0000000, 0x00000000c0800000, 0x00000000d5550000)
  eden space 6656K,  99% used [0x00000000c0000000, 0x00000000c067dcf0, 0x00000000c0680000)
  from space 768K, 100% used [0x00000000c0740000, 0x00000000c0800000, 0x00000000c0800000)
  to   space 768K,   0% used [0x00000000c0680000, 0x00000000c0680000, 0x00000000c0740000)
 tenured generation   total 16384K, used 5972K [0x00000000d5550000, 0x00000000d6550000, 0x0000000100000000)
   the space 16384K,  36% used [0x00000000d5550000, 0x00000000d5b251b0, 0x00000000d5b25200, 0x00000000d6550000)
 Metaspace       used 14770K, capacity 15022K, committed 15360K, reserved 1062912K
  class space    used 2112K, capacity 2213K, committed 2304K, reserved 1048576K
Event: 8.188 GC heap after
Heap after GC invocations=12 (full 0):
 def new generation   total 7424K, used 767K [0x00000000c0000000, 0x00000000c0800000, 0x00000000d5550000)
  eden space 6656K,   0% used [0x00000000c0000000, 0x00000000c0000000, 0x00000000c0680000)
  from space 768K,  99% used [0x00000000c0680000, 0x00000000c073fff0, 0x00000000c0740000)
  to   space 768K,   0% used [0x00000000c0740000, 0x00000000c0740000, 0x00000000c0800000)
 tenured generation   total 16384K, used 6613K [0x00000000d5550000, 0x00000000d6550000, 0x0000000100000000)
   the space 16384K,  40% used [0x00000000d5550000, 0x00000000d5bc57a0, 0x00000000d5bc5800, 0x00000000d6550000)
 Metaspace       used 14770K, capacity 15022K, committed 15360K, reserved 1062912K
  class space    used 2112K, capacity 2213K, committed 2304K, reserved 1048576K
}
Event: 9.457 GC heap before
{Heap before GC invocations=12 (full 0):
 def new generation   total 7424K, used 7423K [0x00000000c0000000, 0x00000000c0800000, 0x00000000d5550000)
  eden space 6656K, 100% used [0x00000000c0000000, 0x00000000c0680000, 0x00000000c0680000)
  from space 768K,  99% used [0x00000000c0680000, 0x00000000c073fff0, 0x00000000c0740000)
  to   space 768K,   0% used [0x00000000c0740000, 0x00000000c0740000, 0x00000000c0800000)
 tenured generation   total 16384K, used 6613K [0x00000000d5550000, 0x00000000d6550000, 0x0000000100000000)
   the space 16384K,  40% used [0x00000000d5550000, 0x00000000d5bc57a0, 0x00000000d5bc5800, 0x00000000d6550000)
 Metaspace       used 15791K, capacity 16116K, committed 16256K, reserved 1062912K
  class space    used 2252K, capacity 2342K, committed 2432K, reserved 1048576K
Event: 9.460 GC heap after
Heap after GC invocations=13 (full 0):
 def new generation   total 7424K, used 767K [0x00000000c0000000, 0x00000000c0800000, 0x00000000d5550000)
  eden space 6656K,   0% used [0x00000000c0000000, 0x00000000c0000000, 0x00000000c0680000)
  from space 768K,  99% used [0x00000000c0740000, 0x00000000c07ffff8, 0x00000000c0800000)
  to   space 768K,   0% used [0x00000000c0680000, 0x00000000c0680000, 0x00000000c0740000)
 tenured generation   total 16384K, used 6962K [0x00000000d5550000, 0x00000000d6550000, 0x0000000100000000)
   the space 16384K,  42% used [0x00000000d5550000, 0x00000000d5c1ca30, 0x00000000d5c1cc00, 0x00000000d6550000)
 Metaspace       used 15791K, capacity 16116K, committed 16256K, reserved 1062912K
  class space    used 2252K, capacity 2342K, committed 2432K, reserved 1048576K
}

