# JRE version: Java(TM) SE Runtime Environment (8.0_131-b11) (build 1.8.0_131-b11)
# Java VM: Java HotSpot(TM) 64-Bit Server VM (25.131-b11 mixed mode linux-amd64 compressed oops)
Heap:
 def new generation   total 7424K, used 5665K [0x00000000c0000000, 0x00000000c0800000, 0x00000000d5550000)
  eden space 6656K,  73% used [0x00000000c0000000, 0x00000000c04c8738, 0x00000000c0680000)
  from space 768K, 100% used [0x00000000c0680000, 0x00000000c0740000, 0x00000000c0740000)
  to   space 768K,   0% used [0x00000000c0740000, 0x00000000c0740000, 0x00000000c0800000)
 tenured generation   total 16384K, used 6495K [0x00000000d5550000, 0x00000000d6550000, 0x0000000100000000)
   the space 16384K,  39% used [0x00000000d5550000, 0x00000000d5ba7d08, 0x00000000d5ba7e00, 0x00000000d6550000)
 Metaspace       used 15274K, capacity 15548K, committed 15616K, reserved 1062912K
  class space    used 2189K, capacity 2278K, committed 2304K, reserved 1048576K
GC Heap History (10 events):
Event: 6.228 GC heap before
{Heap before GC invocations=7 (full 0):
 def new generation   total 7424K, used 7424K [0x00000000c0000000, 0x00000000c0800000, 0x00000000d5550000)
  eden space 6656K, 100% used [0x00000000c0000000, 0x00000000c0680000, 0x00000000c0680000)
  from space 768K, 100% used [0x00000000c0740000, 0x00000000c0800000, 0x00000000c0800000)
  to   space 768K,   0% used [0x00000000c0680000, 0x00000000c0680000, 0x00000000c0740000)
 tenured generation   total 16384K, used 4050K [0x00000000d5550000, 0x00000000d6550000, 0x0000000100000000)
   the space 16384K,  24% used [0x00000000d5550000, 0x00000000d59449c0, 0x00000000d5944a00, 0x00000000d6550000)
 Metaspace       used 11716K, capacity 11958K, committed 12288K, reserved 1060864K
  class space    used 1610K, capacity 1701K, committed 1792K, reserved 1048576K
Event: 6.233 GC heap after
Heap after GC invocations=8 (full 0):
 def new generation   total 7424K, used 768K [0x00000000c0000000, 0x00000000c0800000, 0x00000000d5550000)
  eden space 6656K,   0% used [0x00000000c0000000, 0x00000000c0000000, 0x00000000c0680000)
  from space 768K, 100% used [0x00000000c0680000, 0x00000000c0740000, 0x00000000c0740000)
  to   space 768K,   0% used [0x00000000c0740000, 0x00000000c0740000, 0x00000000c0800000)
 tenured generation   total 16384K, used 4730K [0x00000000d5550000, 0x00000000d6550000, 0x0000000100000000)
   the space 16384K,  28% used [0x00000000d5550000, 0x00000000d59eebb0, 0x00000000d59eec00, 0x00000000d6550000)
 Metaspace       used 11716K, capacity 11958K, committed 12288K, reserved 1060864K
  class space    used 1610K, capacity 1701K, committed 1792K, reserved 1048576K
}
Event: 6.501 GC heap before
{Heap before GC invocations=8 (full 0):
 def new generation   total 7424K, used 7424K [0x00000000c0000000, 0x00000000c0800000, 0x00000000d5550000)
  eden space 6656K, 100% used [0x00000000c0000000, 0x00000000c0680000, 0x00000000c0680000)
  from space 768K, 100% used [0x00000000c0680000, 0x00000000c0740000, 0x00000000c0740000)
  to   space 768K,   0% used [0x00000000c0740000, 0x00000000c0740000, 0x00000000c0800000)
 tenured generation   total 16384K, used 4730K [0x00000000d5550000, 0x00000000d6550000, 0x0000000100000000)
   the space 16384K,  28% used [0x00000000d5550000, 0x00000000d59eebb0, 0x00000000d59eec00, 0x00000000d6550000)
 Metaspace       used 12237K, capacity 12566K, committed 12928K, reserved 1060864K
  class space    used 1711K, capacity 1797K, committed 1920K, reserved 1048576K
Event: 6.504 GC heap after
Heap after GC invocations=9 (full 0):
 def new generation   total 7424K, used 762K [0x00000000c0000000, 0x00000000c0800000, 0x00000000d5550000)
  eden space 6656K,   0% used [0x00000000c0000000, 0x00000000c0000000, 0x00000000c0680000)
  from space 768K,  99% used [0x00000000c0740000, 0x00000000c07fe858, 0x00000000c0800000)
  to   space 768K,   0% used [0x00000000c0680000, 0x00000000c0680000, 0x00000000c0740000)
 tenured generation   total 16384K, used 5126K [0x00000000d5550000, 0x00000000d6550000, 0x0000000100000000)
   the space 16384K,  31% used [0x00000000d5550000, 0x00000000d5a51ac8, 0x00000000d5a51c00, 0x00000000d6550000)
 Metaspace       used 12237K, capacity 12566K, committed 12928K, reserved 1060864K
  class space    used 1711K, capacity 1797K, committed 1920K, reserved 1048576K
}
Event: 6.926 GC heap before
{Heap before GC invocations=9 (full 0):
 def new generation   total 7424K, used 7418K [0x00000000c0000000, 0x00000000c0800000, 0x00000000d5550000)
  eden space 6656K, 100% used [0x00000000c0000000, 0x00000000c0680000, 0x00000000c0680000)
  from space 768K,  99% used [0x00000000c0740000, 0x00000000c07fe858, 0x00000000c0800000)
  to   space 768K,   0% used [0x00000000c0680000, 0x00000000c0680000, 0x00000000c0740000)
 tenured generation   total 16384K, used 5126K [0x00000000d5550000, 0x00000000d6550000, 0x0000000100000000)
   the space 16384K,  31% used [0x00000000d5550000, 0x00000000d5a51ac8, 0x00000000d5a51c00, 0x00000000d6550000)
 Metaspace       used 12803K, capacity 13110K, committed 13312K, reserved 1060864K
  class space    used 1816K, capacity 1957K, committed 2048K, reserved 1048576K
Event: 6.931 GC heap after
Heap after GC invocations=10 (full 0):
 def new generation   total 7424K, used 694K [0x00000000c0000000, 0x00000000c0800000, 0x00000000d5550000)
  eden space 6656K,   0% used [0x00000000c0000000, 0x00000000c0000000, 0x00000000c0680000)
  from space 768K,  90% used [0x00000000c0680000, 0x00000000c072d840, 0x00000000c0740000)
  to   space 768K,   0% used [0x00000000c0740000, 0x00000000c0740000, 0x00000000c0800000)
 tenured generation   total 16384K, used 5275K [0x00000000d5550000, 0x00000000d6550000, 0x0000000100000000)
   the space 16384K,  32% used [0x00000000d5550000, 0x00000000d5a76f40, 0x00000000d5a77000, 0x00000000d6550000)
 Metaspace       used 12803K, capacity 13110K, committed 13312K, reserved 1060864K
  class space    used 1816K, capacity 1957K, committed 2048K, reserved 1048576K
}
Event: 7.748 GC heap before
{Heap before GC invocations=10 (full 0):
 def new generation   total 7424K, used 7350K [0x00000000c0000000, 0x00000000c0800000, 0x00000000d5550000)
  eden space 6656K, 100% used [0x00000000c0000000, 0x00000000c0680000, 0x00000000c0680000)
  from space 768K,  90% used [0x00000000c0680000, 0x00000000c072d840, 0x00000000c0740000)
  to   space 768K,   0% used [0x00000000c0740000, 0x00000000c0740000, 0x00000000c0800000)
 tenured generation   total 16384K, used 5275K [0x00000000d5550000, 0x00000000d6550000, 0x0000000100000000)
   the space 16384K,  32% used [0x00000000d5550000, 0x00000000d5a76f40, 0x00000000d5a77000, 0x00000000d6550000)
 Metaspace       used 13701K, capacity 14006K, committed 14208K, reserved 1060864K
  class space    used 1952K, capacity 2085K, committed 2176K, reserved 1048576K
Event: 7.752 GC heap after
Heap after GC invocations=11 (full 0):
 def new generation   total 7424K, used 767K [0x00000000c0000000, 0x00000000c0800000, 0x00000000d5550000)
  eden space 6656K,   0% used [0x00000000c0000000, 0x00000000c0000000, 0x00000000c0680000)
  from space 768K,  99% used [0x00000000c0740000, 0x00000000c07ffff0, 0x00000000c0800000)
  to   space 768K,   0% used [0x00000000c0680000, 0x00000000c0680000, 0x00000000c0740000)
 tenured generation   total 16384K, used 5914K [0x00000000d5550000, 0x00000000d6550000, 0x0000000100000000)
   the space 16384K,  36% used [0x00000000d5550000, 0x00000000d5b16af0, 0x00000000d5b16c00, 0x00000000d6550000)
 Metaspace       used 13701K, capacity 14006K, committed 14208K, reserved 1060864K
  class space    used 1952K, capacity 2085K, committed 2176K, reserved 1048576K
}
Event: 8.263 GC heap before
{Heap before GC invocations=11 (full 0):
 def new generation   total 7424K, used 7423K [0x00000000c0000000, 0x00000000c0800000, 0x00000000d5550000)
  eden space 6656K, 100% used [0x00000000c0000000, 0x00000000c0680000, 0x00000000c0680000)
  from space 768K,  99% used [0x00000000c0740000, 0x00000000c07ffff0, 0x00000000c0800000)
  to   space 768K,   0% used [0x00000000c0680000, 0x00000000c0680000, 0x00000000c0740000)
 tenured generation   total 16384K, used 5914K [0x00000000d5550000, 0x00000000d6550000, 0x0000000100000000)
   the space 16384K,  36% used [0x00000000d5550000, 0x00000000d5b16af0, 0x00000000d5b16c00, 0x00000000d6550000)
 Metaspace       used 14587K, capacity 14870K, committed 15104K, reserved 1062912K
  class space    used 2093K, capacity 2181K, committed 2304K, reserved 1048576K
Event: 8.273 GC heap after
Heap after GC invocations=12 (full 0):
 def new generation   total 7424K, used 768K [0x00000000c0000000, 0x00000000c0800000, 0x00000000d5550000)
  eden space 6656K,   0% used [0x00000000c0000000, 0x00000000c0000000, 0x00000000c0680000)
  from space 768K, 100% used [0x00000000c0680000, 0x00000000c0740000, 0x00000000c0740000)
  to   space 768K,   0% used [0x00000000c0740000, 0x00000000c0740000, 0x00000000c0800000)
 tenured generation   total 16384K, used 6495K [0x00000000d5550000, 0x00000000d6550000, 0x0000000100000000)
   the space 16384K,  39% used [0x00000000d5550000, 0x00000000d5ba7d08, 0x00000000d5ba7e00, 0x00000000d6550000)
 Metaspace       used 14587K, capacity 14870K, committed 15104K, reserved 1062912K
  class space    used 2093K, capacity 2181K, committed 2304K, reserved 1048576K
}

