# JRE version: Java(TM) SE Runtime Environment (8.0_131-b11) (build 1.8.0_131-b11)
# Java VM: Java HotSpot(TM) 64-Bit Server VM (25.131-b11 mixed mode linux-amd64 compressed oops)
Heap:
 def new generation   total 7424K, used 1373K [0x00000000c0000000, 0x00000000c0800000, 0x00000000d5550000)
  eden space 6656K,   9% used [0x00000000c0000000, 0x00000000c0097428, 0x00000000c0680000)
  from space 768K,  99% used [0x00000000c0680000, 0x00000000c073fff8, 0x00000000c0740000)
  to   space 768K,   0% used [0x00000000c0740000, 0x00000000c0740000, 0x00000000c0800000)
 tenured generation   total 16384K, used 6515K [0x00000000d5550000, 0x00000000d6550000, 0x0000000100000000)
   the space 16384K,  39% used [0x00000000d5550000, 0x00000000d5baccc8, 0x00000000d5bace00, 0x00000000d6550000)
 Metaspace       used 14695K, capacity 14962K, committed 15104K, reserved 1062912K
  class space    used 2104K, capacity 2213K, committed 2304K, reserved 1048576K
GC Heap History (10 events):
Event: 6.767 GC heap before
{Heap before GC invocations=7 (full 0):
 def new generation   total 7424K, used 7424K [0x00000000c0000000, 0x00000000c0800000, 0x00000000d5550000)
  eden space 6656K, 100% used [0x00000000c0000000, 0x00000000c0680000, 0x00000000c0680000)
  from space 768K, 100% used [0x00000000c0740000, 0x00000000c0800000, 0x00000000c0800000)
  to   space 768K,   0% used [0x00000000c0680000, 0x00000000c0680000, 0x00000000c0740000)
 tenured generation   total 16384K, used 4053K [0x00000000d5550000, 0x00000000d6550000, 0x0000000100000000)
   the space 16384K,  24% used [0x00000000d5550000, 0x00000000d5945680, 0x00000000d5945800, 0x00000000d6550000)
 Metaspace       used 11719K, capacity 11954K, committed 12288K, reserved 1060864K
  class space    used 1612K, capacity 1701K, committed 1792K, reserved 1048576K
Event: 6.772 GC heap after
Heap after GC invocations=8 (full 0):
 def new generation   total 7424K, used 768K [0x00000000c0000000, 0x00000000c0800000, 0x00000000d5550000)
  eden space 6656K,   0% used [0x00000000c0000000, 0x00000000c0000000, 0x00000000c0680000)
  from space 768K, 100% used [0x00000000c0680000, 0x00000000c0740000, 0x00000000c0740000)
  to   space 768K,   0% used [0x00000000c0740000, 0x00000000c0740000, 0x00000000c0800000)
 tenured generation   total 16384K, used 4734K [0x00000000d5550000, 0x00000000d6550000, 0x0000000100000000)
   the space 16384K,  28% used [0x00000000d5550000, 0x00000000d59ef8a8, 0x00000000d59efa00, 0x00000000d6550000)
 Metaspace       used 11719K, capacity 11954K, committed 12288K, reserved 1060864K
  class space    used 1612K, capacity 1701K, committed 1792K, reserved 1048576K
}
Event: 7.036 GC heap before
{Heap before GC invocations=8 (full 0):
 def new generation   total 7424K, used 7424K [0x00000000c0000000, 0x00000000c0800000, 0x00000000d5550000)
  eden space 6656K, 100% used [0x00000000c0000000, 0x00000000c0680000, 0x00000000c0680000)
  from space 768K, 100% used [0x00000000c0680000, 0x00000000c0740000, 0x00000000c0740000)
  to   space 768K,   0% used [0x00000000c0740000, 0x00000000c0740000, 0x00000000c0800000)
 tenured generation   total 16384K, used 4734K [0x00000000d5550000, 0x00000000d6550000, 0x0000000100000000)
   the space 16384K,  28% used [0x00000000d5550000, 0x00000000d59ef8a8, 0x00000000d59efa00, 0x00000000d6550000)
 Metaspace       used 12236K, capacity 12562K, committed 12928K, reserved 1060864K
  class space    used 1710K, capacity 1797K, committed 1920K, reserved 1048576K
Event: 7.041 GC heap after
Heap after GC invocations=9 (full 0):
 def new generation   total 7424K, used 756K [0x00000000c0000000, 0x00000000c0800000, 0x00000000d5550000)
  eden space 6656K,   0% used [0x00000000c0000000, 0x00000000c0000000, 0x00000000c0680000)
  from space 768K,  98% used [0x00000000c0740000, 0x00000000c07fd140, 0x00000000c0800000)
  to   space 768K,   0% used [0x00000000c0680000, 0x00000000c0680000, 0x00000000c0740000)
 tenured generation   total 16384K, used 5126K [0x00000000d5550000, 0x00000000d6550000, 0x0000000100000000)
   the space 16384K,  31% used [0x00000000d5550000, 0x00000000d5a51aa0, 0x00000000d5a51c00, 0x00000000d6550000)
 Metaspace       used 12236K, capacity 12562K, committed 12928K, reserved 1060864K
  class space    used 1710K, capacity 1797K, committed 1920K, reserved 1048576K
}
Event: 7.386 GC heap before
{Heap before GC invocations=9 (full 0):
 def new generation   total 7424K, used 7412K [0x00000000c0000000, 0x00000000c0800000, 0x00000000d5550000)
  eden space 6656K, 100% used [0x00000000c0000000, 0x00000000c0680000, 0x00000000c0680000)
  from space 768K,  98% used [0x00000000c0740000, 0x00000000c07fd140, 0x00000000c0800000)
  to   space 768K,   0% used [0x00000000c0680000, 0x00000000c0680000, 0x00000000c0740000)
 tenured generation   total 16384K, used 5126K [0x00000000d5550000, 0x00000000d6550000, 0x0000000100000000)
   the space 16384K,  31% used [0x00000000d5550000, 0x00000000d5a51aa0, 0x00000000d5a51c00, 0x00000000d6550000)
 Metaspace       used 12809K, capacity 13106K, committed 13312K, reserved 1060864K
  class space    used 1816K, capacity 1957K, committed 2048K, reserved 1048576K
Event: 7.388 GC heap after
Heap after GC invocations=10 (full 0):
 def new generation   total 7424K, used 706K [0x00000000c0000000, 0x00000000c0800000, 0x00000000d5550000)
  eden space 6656K,   0% used [0x00000000c0000000, 0x00000000c0000000, 0x00000000c0680000)
  from space 768K,  92% used [0x00000000c0680000, 0x00000000c0730bd8, 0x00000000c0740000)
  to   space 768K,   0% used [0x00000000c0740000, 0x00000000c0740000, 0x00000000c0800000)
 tenured generation   total 16384K, used 5274K [0x00000000d5550000, 0x00000000d6550000, 0x0000000100000000)
   the space 16384K,  32% used [0x00000000d5550000, 0x00000000d5a76b20, 0x00000000d5a76c00, 0x00000000d6550000)
 Metaspace       used 12809K, capacity 13106K, committed 13312K, reserved 1060864K
  class space    used 1816K, capacity 1957K, committed 2048K, reserved 1048576K
}
Event: 8.278 GC heap before
{Heap before GC invocations=10 (full 0):
 def new generation   total 7424K, used 7362K [0x00000000c0000000, 0x00000000c0800000, 0x00000000d5550000)
  eden space 6656K, 100% used [0x00000000c0000000, 0x00000000c0680000, 0x00000000c0680000)
  from space 768K,  92% used [0x00000000c0680000, 0x00000000c0730bd8, 0x00000000c0740000)
  to   space 768K,   0% used [0x00000000c0740000, 0x00000000c0740000, 0x00000000c0800000)
 tenured generation   total 16384K, used 5274K [0x00000000d5550000, 0x00000000d6550000, 0x0000000100000000)
   the space 16384K,  32% used [0x00000000d5550000, 0x00000000d5a76b20, 0x00000000d5a76c00, 0x00000000d6550000)
 Metaspace       used 13705K, capacity 14002K, committed 14208K, reserved 1060864K
  class space    used 1953K, capacity 2085K, committed 2176K, reserved 1048576K
Event: 8.284 GC heap after
Heap after GC invocations=11 (full 0):
 def new generation   total 7424K, used 768K [0x00000000c0000000, 0x00000000c0800000, 0x00000000d5550000)
  eden space 6656K,   0% used [0x00000000c0000000, 0x00000000c0000000, 0x00000000c0680000)
  from space 768K, 100% used [0x00000000c0740000, 0x00000000c0800000, 0x00000000c0800000)
  to   space 768K,   0% used [0x00000000c0680000, 0x00000000c0680000, 0x00000000c0740000)
 tenured generation   total 16384K, used 5919K [0x00000000d5550000, 0x00000000d6550000, 0x0000000100000000)
   the space 16384K,  36% used [0x00000000d5550000, 0x00000000d5b17f58, 0x00000000d5b18000, 0x00000000d6550000)
 Metaspace       used 13705K, capacity 14002K, committed 14208K, reserved 1060864K
  class space    used 1953K, capacity 2085K, committed 2176K, reserved 1048576K
}
Event: 9.014 GC heap before
{Heap before GC invocations=11 (full 0):
 def new generation   total 7424K, used 7424K [0x00000000c0000000, 0x00000000c0800000, 0x00000000d5550000)
  eden space 6656K, 100% used [0x00000000c0000000, 0x00000000c0680000, 0x00000000c0680000)
  from space 768K, 100% used [0x00000000c0740000, 0x00000000c0800000, 0x00000000c0800000)
  to   space 768K,   0% used [0x00000000c0680000, 0x00000000c0680000, 0x00000000c0740000)
 tenured generation   total 16384K, used 5919K [0x00000000d5550000, 0x00000000d6550000, 0x0000000100000000)
   the space 16384K,  36% used [0x00000000d5550000, 0x00000000d5b17f58, 0x00000000d5b18000, 0x00000000d6550000)
 Metaspace       used 14589K, capacity 14866K, committed 15104K, reserved 1062912K
  class space    used 2093K, capacity 2181K, committed 2304K, reserved 1048576K
Event: 9.031 GC heap after
Heap after GC invocations=12 (full 0):
 def new generation   total 7424K, used 767K [0x00000000c0000000, 0x00000000c0800000, 0x00000000d5550000)
  eden space 6656K,   0% used [0x00000000c0000000, 0x00000000c0000000, 0x00000000c0680000)
  from space 768K,  99% used [0x00000000c0680000, 0x00000000c073fff8, 0x00000000c0740000)
  to   space 768K,   0% used [0x00000000c0740000, 0x00000000c0740000, 0x00000000c0800000)
 tenured generation   total 16384K, used 6515K [0x00000000d5550000, 0x00000000d6550000, 0x0000000100000000)
   the space 16384K,  39% used [0x00000000d5550000, 0x00000000d5baccc8, 0x00000000d5bace00, 0x00000000d6550000)
 Metaspace       used 14589K, capacity 14866K, committed 15104K, reserved 1062912K
  class space    used 2093K, capacity 2181K, committed 2304K, reserved 1048576K
}

